2017-11-08  17:58:16.305 [main] INFO  cn.haiwai.newsnotification.NewsNotificationApplication - Starting NewsNotificationApplication on WQ-20171106YBGV with PID 5500 (D:\workspace\newsnotification\target\classes started by Administrator in D:\workspace\newsnotification)
2017-11-08  17:58:16.307 [main] INFO  cn.haiwai.newsnotification.NewsNotificationApplication - The following profiles are active: dev
2017-11-08  17:58:16.343 [main] INFO  o.s.boot.context.embedded.AnnotationConfigEmbeddedWebApplicationContext - Refreshing org.springframework.boot.context.embedded.AnnotationConfigEmbeddedWebApplicationContext@f79e: startup date [Wed Nov 08 17:58:16 CST 2017]; root of context hierarchy
2017-11-08  17:58:16.525 [background-preinit] INFO  org.hibernate.validator.internal.util.Version - HV000001: Hibernate Validator 5.3.5.Final
2017-11-08  17:58:18.114 [main] INFO  org.springframework.boot.context.embedded.tomcat.TomcatEmbeddedServletContainer - Tomcat initialized with port(s): 8080 (http)
2017-11-08  17:58:18.123 [main] INFO  org.apache.catalina.core.StandardService - Starting service [Tomcat]
2017-11-08  17:58:18.124 [main] INFO  org.apache.catalina.core.StandardEngine - Starting Servlet Engine: Apache Tomcat/8.5.16
2017-11-08  17:58:18.201 [localhost-startStop-1] INFO  org.apache.catalina.core.ContainerBase.[Tomcat].[localhost].[/] - Initializing Spring embedded WebApplicationContext
2017-11-08  17:58:18.201 [localhost-startStop-1] INFO  org.springframework.web.context.ContextLoader - Root WebApplicationContext: initialization completed in 1858 ms
2017-11-08  17:58:18.371 [localhost-startStop-1] INFO  org.springframework.boot.web.servlet.ServletRegistrationBean - Mapping servlet: 'dispatcherServlet' to [/]
2017-11-08  17:58:18.375 [localhost-startStop-1] INFO  org.springframework.boot.web.servlet.FilterRegistrationBean - Mapping filter: 'metricsFilter' to: [/*]
2017-11-08  17:58:18.376 [localhost-startStop-1] INFO  org.springframework.boot.web.servlet.FilterRegistrationBean - Mapping filter: 'characterEncodingFilter' to: [/*]
2017-11-08  17:58:18.376 [localhost-startStop-1] INFO  org.springframework.boot.web.servlet.FilterRegistrationBean - Mapping filter: 'hiddenHttpMethodFilter' to: [/*]
2017-11-08  17:58:18.376 [localhost-startStop-1] INFO  org.springframework.boot.web.servlet.FilterRegistrationBean - Mapping filter: 'httpPutFormContentFilter' to: [/*]
2017-11-08  17:58:18.376 [localhost-startStop-1] INFO  org.springframework.boot.web.servlet.FilterRegistrationBean - Mapping filter: 'requestContextFilter' to: [/*]
2017-11-08  17:58:18.376 [localhost-startStop-1] INFO  org.springframework.boot.web.servlet.FilterRegistrationBean - Mapping filter: 'webRequestLoggingFilter' to: [/*]
2017-11-08  17:58:18.376 [localhost-startStop-1] INFO  org.springframework.boot.web.servlet.FilterRegistrationBean - Mapping filter: 'applicationContextIdFilter' to: [/*]
2017-11-08  17:58:18.860 [main] INFO  org.springframework.orm.jpa.LocalContainerEntityManagerFactoryBean - Building JPA container EntityManagerFactory for persistence unit 'default'
2017-11-08  17:58:18.874 [main] INFO  org.hibernate.jpa.internal.util.LogHelper - HHH000204: Processing PersistenceUnitInfo [
	name: default
	...]
2017-11-08  17:58:19.035 [main] INFO  org.hibernate.Version - HHH000412: Hibernate Core {5.0.12.Final}
2017-11-08  17:58:19.036 [main] INFO  org.hibernate.cfg.Environment - HHH000206: hibernate.properties not found
2017-11-08  17:58:19.037 [main] INFO  org.hibernate.cfg.Environment - HHH000021: Bytecode provider name : javassist
2017-11-08  17:58:19.069 [main] INFO  org.hibernate.annotations.common.Version - HCANN000001: Hibernate Commons Annotations {5.0.1.Final}
2017-11-08  17:58:19.183 [main] INFO  org.hibernate.dialect.Dialect - HHH000400: Using dialect: org.hibernate.dialect.MySQL5InnoDBDialect
2017-11-08  17:58:19.560 [main] INFO  org.springframework.orm.jpa.LocalContainerEntityManagerFactoryBean - Initialized JPA EntityManagerFactory for persistence unit 'default'
2017-11-08  17:58:20.136 [main] INFO  o.springframework.web.servlet.mvc.method.annotation.RequestMappingHandlerAdapter - Looking for @ControllerAdvice: org.springframework.boot.context.embedded.AnnotationConfigEmbeddedWebApplicationContext@f79e: startup date [Wed Nov 08 17:58:16 CST 2017]; root of context hierarchy
2017-11-08  17:58:20.196 [main] INFO  o.springframework.web.servlet.mvc.method.annotation.RequestMappingHandlerMapping - Mapped "{[/admin/index]}" onto public java.lang.String cn.haiwai.newsnotification.web.controller.AdminController.index(org.springframework.ui.ModelMap,javax.servlet.http.HttpServletRequest)
2017-11-08  17:58:20.197 [main] INFO  o.springframework.web.servlet.mvc.method.annotation.RequestMappingHandlerMapping - Mapped "{[/admin/getContent/{cid}]}" onto public java.lang.String cn.haiwai.newsnotification.web.controller.AdminController.getContent(java.lang.String,org.springframework.ui.ModelMap)
2017-11-08  17:58:20.197 [main] INFO  o.springframework.web.servlet.mvc.method.annotation.RequestMappingHandlerMapping - Mapped "{[/admin/updateStatus]}" onto public cn.haiwai.newsnotification.manage.response.Response cn.haiwai.newsnotification.web.controller.AdminController.updateStatus(java.lang.String,java.lang.String)
2017-11-08  17:58:20.197 [main] INFO  o.springframework.web.servlet.mvc.method.annotation.RequestMappingHandlerMapping - Mapped "{[/admin/updateContent/{cid}]}" onto public java.lang.String cn.haiwai.newsnotification.web.controller.AdminController.updateContent(java.lang.String,org.springframework.ui.ModelMap)
2017-11-08  17:58:20.197 [main] INFO  o.springframework.web.servlet.mvc.method.annotation.RequestMappingHandlerMapping - Mapped "{[/admin/saveContent],methods=[POST],produces=[application/json]}" onto public cn.haiwai.newsnotification.manage.response.Response cn.haiwai.newsnotification.web.controller.AdminController.saveContent(cn.haiwai.newsnotification.web.controller.ContentVO)
2017-11-08  17:58:20.197 [main] INFO  o.springframework.web.servlet.mvc.method.annotation.RequestMappingHandlerMapping - Mapped "{[/admin/deleteContent/{cid}],methods=[DELETE]}" onto public cn.haiwai.newsnotification.manage.response.Response cn.haiwai.newsnotification.web.controller.AdminController.deleteContent(java.lang.String)
2017-11-08  17:58:20.198 [main] INFO  o.springframework.web.servlet.mvc.method.annotation.RequestMappingHandlerMapping - Mapped "{[/admin/updateTag/{tid}],methods=[PUT]}" onto public cn.haiwai.newsnotification.manage.response.Response cn.haiwai.newsnotification.web.controller.AdminController.updateTag(java.lang.String,java.lang.String)
2017-11-08  17:58:20.198 [main] INFO  o.springframework.web.servlet.mvc.method.annotation.RequestMappingHandlerMapping - Mapped "{[/admin/deleteTag/{tid}],methods=[DELETE]}" onto public cn.haiwai.newsnotification.manage.response.Response cn.haiwai.newsnotification.web.controller.AdminController.deleteTag(java.lang.String)
2017-11-08  17:58:20.198 [main] INFO  o.springframework.web.servlet.mvc.method.annotation.RequestMappingHandlerMapping - Mapped "{[/admin/addTag]}" onto public java.lang.String cn.haiwai.newsnotification.web.controller.AdminController.addTag(java.lang.String)
2017-11-08  17:58:20.198 [main] INFO  o.springframework.web.servlet.mvc.method.annotation.RequestMappingHandlerMapping - Mapped "{[/admin/contentPage]}" onto public java.lang.String cn.haiwai.newsnotification.web.controller.AdminController.contentPage(org.springframework.ui.ModelMap,int,int,int,javax.servlet.http.HttpServletRequest)
2017-11-08  17:58:20.198 [main] INFO  o.springframework.web.servlet.mvc.method.annotation.RequestMappingHandlerMapping - Mapped "{[/admin/contentEdit]}" onto public java.lang.String cn.haiwai.newsnotification.web.controller.AdminController.contentEdit(org.springframework.ui.ModelMap,javax.servlet.http.HttpServletRequest)
2017-11-08  17:58:20.198 [main] INFO  o.springframework.web.servlet.mvc.method.annotation.RequestMappingHandlerMapping - Mapped "{[/admin/login]}" onto public java.lang.String cn.haiwai.newsnotification.web.controller.AdminController.login()
2017-11-08  17:58:20.198 [main] INFO  o.springframework.web.servlet.mvc.method.annotation.RequestMappingHandlerMapping - Mapped "{[/admin/ueditor]}" onto public java.lang.String cn.haiwai.newsnotification.web.controller.AdminController.UeditorTest()
2017-11-08  17:58:20.199 [main] INFO  o.springframework.web.servlet.mvc.method.annotation.RequestMappingHandlerMapping - Mapped "{[/admin/listTag]}" onto public java.lang.String cn.haiwai.newsnotification.web.controller.AdminController.ListTag(org.springframework.ui.ModelMap,javax.servlet.http.HttpServletRequest)
2017-11-08  17:58:20.199 [main] INFO  o.springframework.web.servlet.mvc.method.annotation.RequestMappingHandlerMapping - Mapped "{[/admin/]}" onto public java.lang.String cn.haiwai.newsnotification.web.controller.AdminController.adminForward()
2017-11-08  17:58:20.202 [main] INFO  o.springframework.web.servlet.mvc.method.annotation.RequestMappingHandlerMapping - Mapped "{[/index]}" onto public java.lang.String cn.haiwai.newsnotification.web.controller.ForeController.index(org.springframework.ui.ModelMap)
2017-11-08  17:58:20.202 [main] INFO  o.springframework.web.servlet.mvc.method.annotation.RequestMappingHandlerMapping - Mapped "{[/content/{cid}]}" onto public java.lang.String cn.haiwai.newsnotification.web.controller.ForeController.content(java.lang.String,org.springframework.ui.ModelMap)
2017-11-08  17:58:20.202 [main] INFO  o.springframework.web.servlet.mvc.method.annotation.RequestMappingHandlerMapping - Mapped "{[/listByDate/{date}]}" onto public java.lang.String cn.haiwai.newsnotification.web.controller.ForeController.listByDate(java.lang.String,org.springframework.ui.ModelMap)
2017-11-08  17:58:20.202 [main] INFO  o.springframework.web.servlet.mvc.method.annotation.RequestMappingHandlerMapping - Mapped "{[/listByKey/{key}]}" onto public java.lang.String cn.haiwai.newsnotification.web.controller.ForeController.listBykeys(java.lang.String,org.springframework.ui.ModelMap)
2017-11-08  17:58:20.202 [main] INFO  o.springframework.web.servlet.mvc.method.annotation.RequestMappingHandlerMapping - Mapped "{[/]}" onto public java.lang.String cn.haiwai.newsnotification.web.controller.ForeController.everyPath()
2017-11-08  17:58:20.202 [main] INFO  o.springframework.web.servlet.mvc.method.annotation.RequestMappingHandlerMapping - Mapped "{[/exceptionTest]}" onto public java.lang.String cn.haiwai.newsnotification.web.controller.ForeController.exceptionTest()
2017-11-08  17:58:20.204 [main] INFO  o.springframework.web.servlet.mvc.method.annotation.RequestMappingHandlerMapping - Mapped "{[/user/register],methods=[POST]}" onto public cn.haiwai.newsnotification.manage.response.Response cn.haiwai.newsnotification.web.controller.UserController.register(cn.haiwai.newsnotification.service.UserBO,java.lang.String,org.springframework.ui.ModelMap,javax.servlet.http.HttpServletRequest)
2017-11-08  17:58:20.204 [main] INFO  o.springframework.web.servlet.mvc.method.annotation.RequestMappingHandlerMapping - Mapped "{[/user/resetPassword],methods=[PUT]}" onto public cn.haiwai.newsnotification.manage.response.Response cn.haiwai.newsnotification.web.controller.UserController.resetPassword(java.lang.String,javax.servlet.http.HttpServletRequest)
2017-11-08  17:58:20.204 [main] INFO  o.springframework.web.servlet.mvc.method.annotation.RequestMappingHandlerMapping - Mapped "{[/user/login],methods=[POST]}" onto public java.lang.String cn.haiwai.newsnotification.web.controller.UserController.login(java.lang.String,java.lang.String,javax.servlet.http.HttpServletRequest,org.springframework.ui.ModelMap,javax.servlet.http.HttpServletResponse) throws java.io.UnsupportedEncodingException
2017-11-08  17:58:20.204 [main] INFO  o.springframework.web.servlet.mvc.method.annotation.RequestMappingHandlerMapping - Mapped "{[/user/register],methods=[GET]}" onto public java.lang.String cn.haiwai.newsnotification.web.controller.UserController.registerBefor(org.springframework.ui.ModelMap)
2017-11-08  17:58:20.204 [main] INFO  o.springframework.web.servlet.mvc.method.annotation.RequestMappingHandlerMapping - Mapped "{[/user/verifyCode/{random}],methods=[GET]}" onto public void cn.haiwai.newsnotification.web.controller.UserController.verifyCode(javax.servlet.http.HttpServletResponse,javax.servlet.http.HttpServletRequest)
2017-11-08  17:58:20.204 [main] INFO  o.springframework.web.servlet.mvc.method.annotation.RequestMappingHandlerMapping - Mapped "{[/user/login],methods=[GET]}" onto public java.lang.String cn.haiwai.newsnotification.web.controller.UserController.loginBefor(org.springframework.ui.ModelMap,javax.servlet.http.HttpServletRequest)
2017-11-08  17:58:20.204 [main] INFO  o.springframework.web.servlet.mvc.method.annotation.RequestMappingHandlerMapping - Mapped "{[/user/isexist],methods=[POST]}" onto public cn.haiwai.newsnotification.manage.response.Response cn.haiwai.newsnotification.web.controller.UserController.detection(java.lang.String,javax.servlet.http.HttpServletResponse,javax.servlet.http.HttpServletRequest)
2017-11-08  17:58:20.204 [main] INFO  o.springframework.web.servlet.mvc.method.annotation.RequestMappingHandlerMapping - Mapped "{[/user/userExist],methods=[GET]}" onto public cn.haiwai.newsnotification.manage.response.Response cn.haiwai.newsnotification.web.controller.UserController.userExist(javax.servlet.http.HttpServletRequest,javax.servlet.http.HttpServletResponse)
2017-11-08  17:58:20.204 [main] INFO  o.springframework.web.servlet.mvc.method.annotation.RequestMappingHandlerMapping - Mapped "{[/user/detectVerifyCode],methods=[GET]}" onto public cn.haiwai.newsnotification.manage.response.Response cn.haiwai.newsnotification.web.controller.UserController.detectVerifyCode(java.lang.String,javax.servlet.http.HttpServletRequest)
2017-11-08  17:58:20.205 [main] INFO  o.springframework.web.servlet.mvc.method.annotation.RequestMappingHandlerMapping - Mapped "{[/user/logout],methods=[GET]}" onto public java.lang.String cn.haiwai.newsnotification.web.controller.UserController.logout(javax.servlet.http.HttpServletRequest)
2017-11-08  17:58:20.206 [main] INFO  o.springframework.web.servlet.mvc.method.annotation.RequestMappingHandlerMapping - Mapped "{[/error]}" onto public org.springframework.http.ResponseEntity<java.util.Map<java.lang.String, java.lang.Object>> org.springframework.boot.autoconfigure.web.BasicErrorController.error(javax.servlet.http.HttpServletRequest)
2017-11-08  17:58:20.206 [main] INFO  o.springframework.web.servlet.mvc.method.annotation.RequestMappingHandlerMapping - Mapped "{[/error],produces=[text/html]}" onto public org.springframework.web.servlet.ModelAndView org.springframework.boot.autoconfigure.web.BasicErrorController.errorHtml(javax.servlet.http.HttpServletRequest,javax.servlet.http.HttpServletResponse)
2017-11-08  17:58:20.230 [main] INFO  org.springframework.web.servlet.handler.SimpleUrlHandlerMapping - Mapped URL path [/staic/**] onto handler of type [class org.springframework.web.servlet.resource.ResourceHttpRequestHandler]
2017-11-08  17:58:20.230 [main] INFO  org.springframework.web.servlet.handler.SimpleUrlHandlerMapping - Mapped URL path [/webjars/**] onto handler of type [class org.springframework.web.servlet.resource.ResourceHttpRequestHandler]
2017-11-08  17:58:20.230 [main] INFO  org.springframework.web.servlet.handler.SimpleUrlHandlerMapping - Mapped URL path [/**] onto handler of type [class org.springframework.web.servlet.resource.ResourceHttpRequestHandler]
2017-11-08  17:58:20.241 [main] INFO  o.s.web.servlet.mvc.method.annotation.ExceptionHandlerExceptionResolver - Detected @ExceptionHandler methods in exceptionAdvice
2017-11-08  17:58:20.258 [main] INFO  org.springframework.web.servlet.handler.SimpleUrlHandlerMapping - Mapped URL path [/**/favicon.ico] onto handler of type [class org.springframework.web.servlet.resource.ResourceHttpRequestHandler]
2017-11-08  17:58:20.554 [main] INFO  org.springframework.boot.actuate.endpoint.mvc.EndpointHandlerMapping - Mapped "{[/autoconfig || /autoconfig.json],methods=[GET],produces=[application/vnd.spring-boot.actuator.v1+json || application/json]}" onto public java.lang.Object org.springframework.boot.actuate.endpoint.mvc.EndpointMvcAdapter.invoke()
2017-11-08  17:58:20.554 [main] INFO  org.springframework.boot.actuate.endpoint.mvc.EndpointHandlerMapping - Mapped "{[/health || /health.json],methods=[GET],produces=[application/vnd.spring-boot.actuator.v1+json || application/json]}" onto public java.lang.Object org.springframework.boot.actuate.endpoint.mvc.HealthMvcEndpoint.invoke(javax.servlet.http.HttpServletRequest,java.security.Principal)
2017-11-08  17:58:20.555 [main] INFO  org.springframework.boot.actuate.endpoint.mvc.EndpointHandlerMapping - Mapped "{[/configprops || /configprops.json],methods=[GET],produces=[application/vnd.spring-boot.actuator.v1+json || application/json]}" onto public java.lang.Object org.springframework.boot.actuate.endpoint.mvc.EndpointMvcAdapter.invoke()
2017-11-08  17:58:20.555 [main] INFO  org.springframework.boot.actuate.endpoint.mvc.EndpointHandlerMapping - Mapped "{[/mappings || /mappings.json],methods=[GET],produces=[application/vnd.spring-boot.actuator.v1+json || application/json]}" onto public java.lang.Object org.springframework.boot.actuate.endpoint.mvc.EndpointMvcAdapter.invoke()
2017-11-08  17:58:20.556 [main] INFO  org.springframework.boot.actuate.endpoint.mvc.EndpointHandlerMapping - Mapped "{[/auditevents || /auditevents.json],methods=[GET],produces=[application/vnd.spring-boot.actuator.v1+json || application/json]}" onto public org.springframework.http.ResponseEntity<?> org.springframework.boot.actuate.endpoint.mvc.AuditEventsMvcEndpoint.findByPrincipalAndAfterAndType(java.lang.String,java.util.Date,java.lang.String)
2017-11-08  17:58:20.557 [main] INFO  org.springframework.boot.actuate.endpoint.mvc.EndpointHandlerMapping - Mapped "{[/loggers/{name:.*}],methods=[GET],produces=[application/vnd.spring-boot.actuator.v1+json || application/json]}" onto public java.lang.Object org.springframework.boot.actuate.endpoint.mvc.LoggersMvcEndpoint.get(java.lang.String)
2017-11-08  17:58:20.557 [main] INFO  org.springframework.boot.actuate.endpoint.mvc.EndpointHandlerMapping - Mapped "{[/loggers/{name:.*}],methods=[POST],consumes=[application/vnd.spring-boot.actuator.v1+json || application/json],produces=[application/vnd.spring-boot.actuator.v1+json || application/json]}" onto public java.lang.Object org.springframework.boot.actuate.endpoint.mvc.LoggersMvcEndpoint.set(java.lang.String,java.util.Map<java.lang.String, java.lang.String>)
2017-11-08  17:58:20.558 [main] INFO  org.springframework.boot.actuate.endpoint.mvc.EndpointHandlerMapping - Mapped "{[/loggers || /loggers.json],methods=[GET],produces=[application/vnd.spring-boot.actuator.v1+json || application/json]}" onto public java.lang.Object org.springframework.boot.actuate.endpoint.mvc.EndpointMvcAdapter.invoke()
2017-11-08  17:58:20.558 [main] INFO  org.springframework.boot.actuate.endpoint.mvc.EndpointHandlerMapping - Mapped "{[/dump || /dump.json],methods=[GET],produces=[application/vnd.spring-boot.actuator.v1+json || application/json]}" onto public java.lang.Object org.springframework.boot.actuate.endpoint.mvc.EndpointMvcAdapter.invoke()
2017-11-08  17:58:20.559 [main] INFO  org.springframework.boot.actuate.endpoint.mvc.EndpointHandlerMapping - Mapped "{[/metrics/{name:.*}],methods=[GET],produces=[application/vnd.spring-boot.actuator.v1+json || application/json]}" onto public java.lang.Object org.springframework.boot.actuate.endpoint.mvc.MetricsMvcEndpoint.value(java.lang.String)
2017-11-08  17:58:20.559 [main] INFO  org.springframework.boot.actuate.endpoint.mvc.EndpointHandlerMapping - Mapped "{[/metrics || /metrics.json],methods=[GET],produces=[application/vnd.spring-boot.actuator.v1+json || application/json]}" onto public java.lang.Object org.springframework.boot.actuate.endpoint.mvc.EndpointMvcAdapter.invoke()
2017-11-08  17:58:20.559 [main] INFO  org.springframework.boot.actuate.endpoint.mvc.EndpointHandlerMapping - Mapped "{[/info || /info.json],methods=[GET],produces=[application/vnd.spring-boot.actuator.v1+json || application/json]}" onto public java.lang.Object org.springframework.boot.actuate.endpoint.mvc.EndpointMvcAdapter.invoke()
2017-11-08  17:58:20.559 [main] INFO  org.springframework.boot.actuate.endpoint.mvc.EndpointHandlerMapping - Mapped "{[/logfile || /logfile.json],methods=[GET || HEAD]}" onto public void org.springframework.boot.actuate.endpoint.mvc.LogFileMvcEndpoint.invoke(javax.servlet.http.HttpServletRequest,javax.servlet.http.HttpServletResponse) throws javax.servlet.ServletException,java.io.IOException
2017-11-08  17:58:20.560 [main] INFO  org.springframework.boot.actuate.endpoint.mvc.EndpointHandlerMapping - Mapped "{[/env/{name:.*}],methods=[GET],produces=[application/vnd.spring-boot.actuator.v1+json || application/json]}" onto public java.lang.Object org.springframework.boot.actuate.endpoint.mvc.EnvironmentMvcEndpoint.value(java.lang.String)
2017-11-08  17:58:20.560 [main] INFO  org.springframework.boot.actuate.endpoint.mvc.EndpointHandlerMapping - Mapped "{[/env || /env.json],methods=[GET],produces=[application/vnd.spring-boot.actuator.v1+json || application/json]}" onto public java.lang.Object org.springframework.boot.actuate.endpoint.mvc.EndpointMvcAdapter.invoke()
2017-11-08  17:58:20.560 [main] INFO  org.springframework.boot.actuate.endpoint.mvc.EndpointHandlerMapping - Mapped "{[/trace || /trace.json],methods=[GET],produces=[application/vnd.spring-boot.actuator.v1+json || application/json]}" onto public java.lang.Object org.springframework.boot.actuate.endpoint.mvc.EndpointMvcAdapter.invoke()
2017-11-08  17:58:20.561 [main] INFO  org.springframework.boot.actuate.endpoint.mvc.EndpointHandlerMapping - Mapped "{[/heapdump || /heapdump.json],methods=[GET],produces=[application/octet-stream]}" onto public void org.springframework.boot.actuate.endpoint.mvc.HeapdumpMvcEndpoint.invoke(boolean,javax.servlet.http.HttpServletRequest,javax.servlet.http.HttpServletResponse) throws java.io.IOException,javax.servlet.ServletException
2017-11-08  17:58:20.561 [main] INFO  org.springframework.boot.actuate.endpoint.mvc.EndpointHandlerMapping - Mapped "{[/beans || /beans.json],methods=[GET],produces=[application/vnd.spring-boot.actuator.v1+json || application/json]}" onto public java.lang.Object org.springframework.boot.actuate.endpoint.mvc.EndpointMvcAdapter.invoke()
2017-11-08  17:58:20.659 [main] INFO  org.springframework.web.servlet.view.freemarker.FreeMarkerConfigurer - ClassTemplateLoader for Spring macros added to FreeMarker configuration
2017-11-08  17:58:20.758 [main] INFO  org.springframework.jmx.export.annotation.AnnotationMBeanExporter - Registering beans for JMX exposure on startup
2017-11-08  17:58:20.762 [main] INFO  org.springframework.boot.actuate.endpoint.jmx.EndpointMBeanExporter - Registering beans for JMX exposure on startup
2017-11-08  17:58:20.765 [main] INFO  org.springframework.context.support.DefaultLifecycleProcessor - Starting beans in phase 0
2017-11-08  17:58:20.768 [main] INFO  org.springframework.boot.actuate.endpoint.jmx.EndpointMBeanExporter - Located managed bean 'auditEventsEndpoint': registering with JMX server as MBean [org.springframework.boot:type=Endpoint,name=auditEventsEndpoint]
2017-11-08  17:58:20.792 [main] INFO  org.springframework.boot.actuate.endpoint.jmx.EndpointMBeanExporter - Located managed bean 'requestMappingEndpoint': registering with JMX server as MBean [org.springframework.boot:type=Endpoint,name=requestMappingEndpoint]
2017-11-08  17:58:20.801 [main] INFO  org.springframework.boot.actuate.endpoint.jmx.EndpointMBeanExporter - Located managed bean 'environmentEndpoint': registering with JMX server as MBean [org.springframework.boot:type=Endpoint,name=environmentEndpoint]
2017-11-08  17:58:20.804 [main] INFO  org.springframework.boot.actuate.endpoint.jmx.EndpointMBeanExporter - Located managed bean 'healthEndpoint': registering with JMX server as MBean [org.springframework.boot:type=Endpoint,name=healthEndpoint]
2017-11-08  17:58:20.807 [main] INFO  org.springframework.boot.actuate.endpoint.jmx.EndpointMBeanExporter - Located managed bean 'beansEndpoint': registering with JMX server as MBean [org.springframework.boot:type=Endpoint,name=beansEndpoint]
2017-11-08  17:58:20.809 [main] INFO  org.springframework.boot.actuate.endpoint.jmx.EndpointMBeanExporter - Located managed bean 'infoEndpoint': registering with JMX server as MBean [org.springframework.boot:type=Endpoint,name=infoEndpoint]
2017-11-08  17:58:20.811 [main] INFO  org.springframework.boot.actuate.endpoint.jmx.EndpointMBeanExporter - Located managed bean 'loggersEndpoint': registering with JMX server as MBean [org.springframework.boot:type=Endpoint,name=loggersEndpoint]
2017-11-08  17:58:20.815 [main] INFO  org.springframework.boot.actuate.endpoint.jmx.EndpointMBeanExporter - Located managed bean 'metricsEndpoint': registering with JMX server as MBean [org.springframework.boot:type=Endpoint,name=metricsEndpoint]
2017-11-08  17:58:20.817 [main] INFO  org.springframework.boot.actuate.endpoint.jmx.EndpointMBeanExporter - Located managed bean 'traceEndpoint': registering with JMX server as MBean [org.springframework.boot:type=Endpoint,name=traceEndpoint]
2017-11-08  17:58:20.819 [main] INFO  org.springframework.boot.actuate.endpoint.jmx.EndpointMBeanExporter - Located managed bean 'dumpEndpoint': registering with JMX server as MBean [org.springframework.boot:type=Endpoint,name=dumpEndpoint]
2017-11-08  17:58:20.820 [main] INFO  org.springframework.boot.actuate.endpoint.jmx.EndpointMBeanExporter - Located managed bean 'autoConfigurationReportEndpoint': registering with JMX server as MBean [org.springframework.boot:type=Endpoint,name=autoConfigurationReportEndpoint]
2017-11-08  17:58:20.822 [main] INFO  org.springframework.boot.actuate.endpoint.jmx.EndpointMBeanExporter - Located managed bean 'configurationPropertiesReportEndpoint': registering with JMX server as MBean [org.springframework.boot:type=Endpoint,name=configurationPropertiesReportEndpoint]
2017-11-08  17:58:20.836 [main] INFO  org.apache.coyote.http11.Http11NioProtocol - Initializing ProtocolHandler ["http-nio-127.0.0.1-8080"]
2017-11-08  17:58:20.845 [main] INFO  org.apache.coyote.http11.Http11NioProtocol - Starting ProtocolHandler ["http-nio-127.0.0.1-8080"]
2017-11-08  17:58:20.854 [main] INFO  org.apache.tomcat.util.net.NioSelectorPool - Using a shared selector for servlet write/read
2017-11-08  17:58:20.868 [main] INFO  org.springframework.boot.context.embedded.tomcat.TomcatEmbeddedServletContainer - Tomcat started on port(s): 8080 (http)
2017-11-08  17:58:20.871 [main] INFO  cn.haiwai.newsnotification.NewsNotificationApplication - Started NewsNotificationApplication in 4.845 seconds (JVM running for 5.188)
